AH00558: apache2: Could not reliably determine the server's fully qualified domain name, using 172.21.0.3. Set the 'ServerName' directive globally to suppress this message
[Fri Oct 18 09:19:57.041171 2019] [mpm_prefork:notice] [pid 10] AH00163: Apache/2.4.25 (Debian) PHP/5.6.40 configured -- resuming normal operations
[Fri Oct 18 09:19:57.061483 2019] [core:notice] [pid 10] AH00094: Command line: '/usr/sbin/apache2 -D FOREGROUND'
AH00558: apache2: Could not reliably determine the server's fully qualified domain name, using 172.23.0.3. Set the 'ServerName' directive globally to suppress this message
[Fri Oct 18 09:29:57.435972 2019] [mpm_prefork:notice] [pid 8] AH00163: Apache/2.4.25 (Debian) PHP/5.6.40 configured -- resuming normal operations
[Fri Oct 18 09:29:57.436297 2019] [core:notice] [pid 8] AH00094: Command line: '/usr/sbin/apache2 -D FOREGROUND'
AH00558: apache2: Could not reliably determine the server's fully qualified domain name, using 172.27.0.4. Set the 'ServerName' directive globally to suppress this message
[Fri Oct 18 09:35:43.332467 2019] [mpm_prefork:notice] [pid 8] AH00163: Apache/2.4.25 (Debian) PHP/5.6.40 configured -- resuming normal operations
[Fri Oct 18 09:35:43.332536 2019] [core:notice] [pid 8] AH00094: Command line: '/usr/sbin/apache2 -D FOREGROUND'
AH00558: apache2: Could not reliably determine the server's fully qualified domain name, using 172.29.0.2. Set the 'ServerName' directive globally to suppress this message
[Fri Oct 18 12:08:13.841065 2019] [mpm_prefork:notice] [pid 8] AH00163: Apache/2.4.25 (Debian) PHP/5.6.40 configured -- resuming normal operations
[Fri Oct 18 12:08:13.841315 2019] [core:notice] [pid 8] AH00094: Command line: '/usr/sbin/apache2 -D FOREGROUND'
AH00558: apache2: Could not reliably determine the server's fully qualified domain name, using 172.21.0.2. Set the 'ServerName' directive globally to suppress this message
[Fri Oct 18 12:33:06.237169 2019] [mpm_prefork:notice] [pid 10] AH00163: Apache/2.4.25 (Debian) PHP/5.6.40 configured -- resuming normal operations
[Fri Oct 18 12:33:06.237462 2019] [core:notice] [pid 10] AH00094: Command line: '/usr/sbin/apache2 -D FOREGROUND'
AH00558: apache2: Could not reliably determine the server's fully qualified domain name, using 172.23.0.2. Set the 'ServerName' directive globally to suppress this message
[Fri Oct 18 12:41:34.970107 2019] [mpm_prefork:notice] [pid 8] AH00163: Apache/2.4.25 (Debian) PHP/5.6.40 configured -- resuming normal operations
[Fri Oct 18 12:41:34.970191 2019] [core:notice] [pid 8] AH00094: Command line: '/usr/sbin/apache2 -D FOREGROUND'
AH00558: apache2: Could not reliably determine the server's fully qualified domain name, using 172.24.0.3. Set the 'ServerName' directive globally to suppress this message
[Fri Oct 18 12:50:01.964586 2019] [mpm_prefork:notice] [pid 8] AH00163: Apache/2.4.25 (Debian) PHP/5.6.40 configured -- resuming normal operations
[Fri Oct 18 12:50:01.964659 2019] [core:notice] [pid 8] AH00094: Command line: '/usr/sbin/apache2 -D FOREGROUND'
AH00558: apache2: Could not reliably determine the server's fully qualified domain name, using 172.24.0.3. Set the 'ServerName' directive globally to suppress this message
[Fri Oct 18 12:51:26.003049 2019] [mpm_prefork:notice] [pid 9] AH00163: Apache/2.4.25 (Debian) PHP/5.6.40 configured -- resuming normal operations
[Fri Oct 18 12:51:26.003420 2019] [core:notice] [pid 9] AH00094: Command line: '/usr/sbin/apache2 -D FOREGROUND'
AH00558: apache2: Could not reliably determine the server's fully qualified domain name, using 172.19.0.4. Set the 'ServerName' directive globally to suppress this message
[Fri Oct 18 12:59:08.063214 2019] [mpm_prefork:notice] [pid 8] AH00163: Apache/2.4.25 (Debian) PHP/5.6.40 configured -- resuming normal operations
[Fri Oct 18 12:59:08.063283 2019] [core:notice] [pid 8] AH00094: Command line: '/usr/sbin/apache2 -D FOREGROUND'
AH00558: apache2: Could not reliably determine the server's fully qualified domain name, using 172.26.0.4. Set the 'ServerName' directive globally to suppress this message
[Fri Oct 18 13:05:27.395212 2019] [mpm_prefork:notice] [pid 9] AH00163: Apache/2.4.25 (Debian) PHP/5.6.40 configured -- resuming normal operations
[Fri Oct 18 13:05:27.395480 2019] [core:notice] [pid 9] AH00094: Command line: '/usr/sbin/apache2 -D FOREGROUND'
[Fri Oct 18 13:13:40.925091 2019] [autoindex:error] [pid 12] [client 172.19.0.2:43762] AH01276: Cannot serve directory /var/www/html/: No matching DirectoryIndex (index.php,index.html) found, and server-generated directory index forbidden by Options directive
AH00558: apache2: Could not reliably determine the server's fully qualified domain name, using 172.19.0.4. Set the 'ServerName' directive globally to suppress this message
[Fri Oct 18 13:24:27.312889 2019] [mpm_prefork:notice] [pid 9] AH00163: Apache/2.4.25 (Debian) PHP/5.6.40 configured -- resuming normal operations
[Fri Oct 18 13:24:27.313006 2019] [core:notice] [pid 9] AH00094: Command line: '/usr/sbin/apache2 -D FOREGROUND'
AH00558: apache2: Could not reliably determine the server's fully qualified domain name, using 172.19.0.4. Set the 'ServerName' directive globally to suppress this message
[Fri Oct 18 13:34:52.005624 2019] [mpm_prefork:notice] [pid 8] AH00163: Apache/2.4.25 (Debian) PHP/5.6.40 configured -- resuming normal operations
[Fri Oct 18 13:34:52.005821 2019] [core:notice] [pid 8] AH00094: Command line: '/usr/sbin/apache2 -D FOREGROUND'
AH00558: apache2: Could not reliably determine the server's fully qualified domain name, using 172.29.0.4. Set the 'ServerName' directive globally to suppress this message
[Fri Oct 18 13:40:08.094638 2019] [mpm_prefork:notice] [pid 8] AH00163: Apache/2.4.25 (Debian) PHP/5.6.40 configured -- resuming normal operations
[Fri Oct 18 13:40:08.094708 2019] [core:notice] [pid 8] AH00094: Command line: '/usr/sbin/apache2 -D FOREGROUND'
AH00558: apache2: Could not reliably determine the server's fully qualified domain name, using 172.30.0.4. Set the 'ServerName' directive globally to suppress this message
[Fri Oct 18 13:45:59.183134 2019] [mpm_prefork:notice] [pid 8] AH00163: Apache/2.4.25 (Debian) PHP/5.6.40 configured -- resuming normal operations
[Fri Oct 18 13:45:59.183242 2019] [core:notice] [pid 8] AH00094: Command line: '/usr/sbin/apache2 -D FOREGROUND'
AH00558: apache2: Could not reliably determine the server's fully qualified domain name, using 172.31.0.4. Set the 'ServerName' directive globally to suppress this message
[Fri Oct 18 13:50:06.065652 2019] [mpm_prefork:notice] [pid 9] AH00163: Apache/2.4.25 (Debian) PHP/5.6.40 configured -- resuming normal operations
[Fri Oct 18 13:50:06.065725 2019] [core:notice] [pid 9] AH00094: Command line: '/usr/sbin/apache2 -D FOREGROUND'
AH00558: apache2: Could not reliably determine the server's fully qualified domain name, using 172.19.0.4. Set the 'ServerName' directive globally to suppress this message
[Fri Oct 18 13:50:57.990057 2019] [mpm_prefork:notice] [pid 9] AH00163: Apache/2.4.25 (Debian) PHP/5.6.40 configured -- resuming normal operations
[Fri Oct 18 13:50:57.990150 2019] [core:notice] [pid 9] AH00094: Command line: '/usr/sbin/apache2 -D FOREGROUND'
AH00558: apache2: Could not reliably determine the server's fully qualified domain name, using 192.168.32.4. Set the 'ServerName' directive globally to suppress this message
[Fri Oct 18 14:17:21.854473 2019] [mpm_prefork:notice] [pid 8] AH00163: Apache/2.4.25 (Debian) PHP/5.6.40 configured -- resuming normal operations
[Fri Oct 18 14:17:21.854865 2019] [core:notice] [pid 8] AH00094: Command line: '/usr/sbin/apache2 -D FOREGROUND'
AH00558: apache2: Could not reliably determine the server's fully qualified domain name, using 192.168.48.4. Set the 'ServerName' directive globally to suppress this message
[Fri Oct 18 14:20:11.982224 2019] [mpm_prefork:notice] [pid 9] AH00163: Apache/2.4.25 (Debian) PHP/5.6.40 configured -- resuming normal operations
[Fri Oct 18 14:20:11.982390 2019] [core:notice] [pid 9] AH00094: Command line: '/usr/sbin/apache2 -D FOREGROUND'
AH00558: apache2: Could not reliably determine the server's fully qualified domain name, using 172.19.0.4. Set the 'ServerName' directive globally to suppress this message
[Fri Oct 18 14:21:46.228764 2019] [mpm_prefork:notice] [pid 9] AH00163: Apache/2.4.25 (Debian) PHP/5.6.40 configured -- resuming normal operations
[Fri Oct 18 14:21:46.229200 2019] [core:notice] [pid 9] AH00094: Command line: '/usr/sbin/apache2 -D FOREGROUND'
AH00558: apache2: Could not reliably determine the server's fully qualified domain name, using 192.168.80.4. Set the 'ServerName' directive globally to suppress this message
[Fri Oct 18 14:22:42.503713 2019] [mpm_prefork:notice] [pid 9] AH00163: Apache/2.4.25 (Debian) PHP/5.6.40 configured -- resuming normal operations
[Fri Oct 18 14:22:42.503960 2019] [core:notice] [pid 9] AH00094: Command line: '/usr/sbin/apache2 -D FOREGROUND'
AH00558: apache2: Could not reliably determine the server's fully qualified domain name, using 192.168.96.4. Set the 'ServerName' directive globally to suppress this message
[Fri Oct 18 15:01:46.024674 2019] [mpm_prefork:notice] [pid 8] AH00163: Apache/2.4.25 (Debian) PHP/5.6.40 configured -- resuming normal operations
[Fri Oct 18 15:01:46.024760 2019] [core:notice] [pid 8] AH00094: Command line: '/usr/sbin/apache2 -D FOREGROUND'
AH00558: apache2: Could not reliably determine the server's fully qualified domain name, using 192.168.112.4. Set the 'ServerName' directive globally to suppress this message
[Fri Oct 18 15:09:44.038849 2019] [mpm_prefork:notice] [pid 8] AH00163: Apache/2.4.25 (Debian) PHP/5.6.40 configured -- resuming normal operations
[Fri Oct 18 15:09:44.038933 2019] [core:notice] [pid 8] AH00094: Command line: '/usr/sbin/apache2 -D FOREGROUND'
sh: 1: -t: not found
AH00558: apache2: Could not reliably determine the server's fully qualified domain name, using 192.168.112.4. Set the 'ServerName' directive globally to suppress this message
[Mon Oct 21 07:07:19.708527 2019] [core:warn] [pid 8] AH00098: pid file /var/run/apache2/apache2.pid overwritten -- Unclean shutdown of previous Apache run?
[Mon Oct 21 07:07:19.711896 2019] [mpm_prefork:notice] [pid 8] AH00163: Apache/2.4.25 (Debian) PHP/5.6.40 configured -- resuming normal operations
[Mon Oct 21 07:07:19.711924 2019] [core:notice] [pid 8] AH00094: Command line: '/usr/sbin/apache2 -D FOREGROUND'
sh: 1: -t: not found
AH00558: apache2: Could not reliably determine the server's fully qualified domain name, using 192.168.112.4. Set the 'ServerName' directive globally to suppress this message
[Mon Oct 21 07:24:28.913182 2019] [mpm_prefork:notice] [pid 9] AH00163: Apache/2.4.25 (Debian) PHP/5.6.40 configured -- resuming normal operations
[Mon Oct 21 07:24:28.913265 2019] [core:notice] [pid 9] AH00094: Command line: '/usr/sbin/apache2 -D FOREGROUND'
AH00558: apache2: Could not reliably determine the server's fully qualified domain name, using 192.168.112.4. Set the 'ServerName' directive globally to suppress this message
[Mon Oct 21 09:31:35.530408 2019] [mpm_prefork:notice] [pid 8] AH00163: Apache/2.4.25 (Debian) PHP/5.6.40 configured -- resuming normal operations
[Mon Oct 21 09:31:35.530502 2019] [core:notice] [pid 8] AH00094: Command line: '/usr/sbin/apache2 -D FOREGROUND'
sh: 1: -t: not found
sh: 1: -t: not found
sh: 1: -t: not found
AH00558: apache2: Could not reliably determine the server's fully qualified domain name, using 192.168.112.2. Set the 'ServerName' directive globally to suppress this message
[Tue Oct 22 07:30:20.115425 2019] [core:warn] [pid 15] AH00098: pid file /var/run/apache2/apache2.pid overwritten -- Unclean shutdown of previous Apache run?
[Tue Oct 22 07:30:20.122675 2019] [mpm_prefork:notice] [pid 15] AH00163: Apache/2.4.25 (Debian) PHP/5.6.40 configured -- resuming normal operations
[Tue Oct 22 07:30:20.122774 2019] [core:notice] [pid 15] AH00094: Command line: '/usr/sbin/apache2 -D FOREGROUND'
sh: 1: -t: not found
AH00558: apache2: Could not reliably determine the server's fully qualified domain name, using 172.19.0.3. Set the 'ServerName' directive globally to suppress this message
[Wed Oct 23 11:46:09.424778 2019] [core:warn] [pid 8] AH00098: pid file /var/run/apache2/apache2.pid overwritten -- Unclean shutdown of previous Apache run?
[Wed Oct 23 11:46:09.428287 2019] [mpm_prefork:notice] [pid 8] AH00163: Apache/2.4.25 (Debian) PHP/5.6.40 configured -- resuming normal operations
[Wed Oct 23 11:46:09.428312 2019] [core:notice] [pid 8] AH00094: Command line: '/usr/sbin/apache2 -D FOREGROUND'
sh: 1: -t: not found
AH00558: apache2: Could not reliably determine the server's fully qualified domain name, using 192.168.112.3. Set the 'ServerName' directive globally to suppress this message
[Thu Oct 24 09:27:54.205160 2019] [core:warn] [pid 9] AH00098: pid file /var/run/apache2/apache2.pid overwritten -- Unclean shutdown of previous Apache run?
[Thu Oct 24 09:27:54.212511 2019] [mpm_prefork:notice] [pid 9] AH00163: Apache/2.4.25 (Debian) PHP/5.6.40 configured -- resuming normal operations
[Thu Oct 24 09:27:54.212589 2019] [core:notice] [pid 9] AH00094: Command line: '/usr/sbin/apache2 -D FOREGROUND'
sh: 1: -t: not found
AH00558: apache2: Could not reliably determine the server's fully qualified domain name, using 172.21.0.4. Set the 'ServerName' directive globally to suppress this message
[Thu Oct 24 14:14:45.976362 2019] [mpm_prefork:notice] [pid 10] AH00163: Apache/2.4.25 (Debian) PHP/5.6.40 configured -- resuming normal operations
[Thu Oct 24 14:14:45.976424 2019] [core:notice] [pid 10] AH00094: Command line: '/usr/sbin/apache2 -D FOREGROUND'
AH00558: apache2: Could not reliably determine the server's fully qualified domain name, using 172.22.0.4. Set the 'ServerName' directive globally to suppress this message
[Thu Oct 24 14:16:07.616546 2019] [mpm_prefork:notice] [pid 8] AH00163: Apache/2.4.25 (Debian) PHP/5.6.40 configured -- resuming normal operations
[Thu Oct 24 14:16:07.616627 2019] [core:notice] [pid 8] AH00094: Command line: '/usr/sbin/apache2 -D FOREGROUND'
AH00558: apache2: Could not reliably determine the server's fully qualified domain name, using 172.19.0.4. Set the 'ServerName' directive globally to suppress this message
[Thu Oct 24 14:56:14.514125 2019] [mpm_prefork:notice] [pid 8] AH00163: Apache/2.4.25 (Debian) PHP/5.6.40 configured -- resuming normal operations
[Thu Oct 24 14:56:14.514213 2019] [core:notice] [pid 8] AH00094: Command line: '/usr/sbin/apache2 -D FOREGROUND'
AH00558: apache2: Could not reliably determine the server's fully qualified domain name, using 172.19.0.4. Set the 'ServerName' directive globally to suppress this message
[Thu Oct 24 15:13:14.157677 2019] [mpm_prefork:notice] [pid 8] AH00163: Apache/2.4.25 (Debian) PHP/5.6.40 configured -- resuming normal operations
[Thu Oct 24 15:13:14.157746 2019] [core:notice] [pid 8] AH00094: Command line: '/usr/sbin/apache2 -D FOREGROUND'
sh: 1: -t: not found
sh: 1: -t: not found
sh: 1: -t: not found
sh: 1: -t: not found
AH00558: apache2: Could not reliably determine the server's fully qualified domain name, using 172.25.0.2. Set the 'ServerName' directive globally to suppress this message
[Mon Oct 28 08:28:17.713375 2019] [core:warn] [pid 8] AH00098: pid file /var/run/apache2/apache2.pid overwritten -- Unclean shutdown of previous Apache run?
[Mon Oct 28 08:28:17.716107 2019] [mpm_prefork:notice] [pid 8] AH00163: Apache/2.4.25 (Debian) PHP/5.6.40 configured -- resuming normal operations
[Mon Oct 28 08:28:17.716139 2019] [core:notice] [pid 8] AH00094: Command line: '/usr/sbin/apache2 -D FOREGROUND'
sh: 1: -t: not found
AH00558: apache2: Could not reliably determine the server's fully qualified domain name, using 172.25.0.2. Set the 'ServerName' directive globally to suppress this message
[Mon Oct 28 08:35:55.031479 2019] [core:warn] [pid 8] AH00098: pid file /var/run/apache2/apache2.pid overwritten -- Unclean shutdown of previous Apache run?
[Mon Oct 28 08:35:55.037828 2019] [mpm_prefork:notice] [pid 8] AH00163: Apache/2.4.25 (Debian) PHP/5.6.40 configured -- resuming normal operations
[Mon Oct 28 08:35:55.037907 2019] [core:notice] [pid 8] AH00094: Command line: '/usr/sbin/apache2 -D FOREGROUND'
sh: 1: -t: not found
AH00558: apache2: Could not reliably determine the server's fully qualified domain name, using 172.25.0.3. Set the 'ServerName' directive globally to suppress this message
[Mon Oct 28 15:42:53.038331 2019] [core:warn] [pid 8] AH00098: pid file /var/run/apache2/apache2.pid overwritten -- Unclean shutdown of previous Apache run?
[Mon Oct 28 15:42:53.040643 2019] [mpm_prefork:notice] [pid 8] AH00163: Apache/2.4.25 (Debian) PHP/5.6.40 configured -- resuming normal operations
[Mon Oct 28 15:42:53.040666 2019] [core:notice] [pid 8] AH00094: Command line: '/usr/sbin/apache2 -D FOREGROUND'
sh: 1: -t: not found
sh: 1: -t: not found
sh: 1: -t: not found
AH00558: apache2: Could not reliably determine the server's fully qualified domain name, using 172.25.0.3. Set the 'ServerName' directive globally to suppress this message
[Tue Oct 29 16:04:55.593659 2019] [core:warn] [pid 9] AH00098: pid file /var/run/apache2/apache2.pid overwritten -- Unclean shutdown of previous Apache run?
[Tue Oct 29 16:04:55.597653 2019] [mpm_prefork:notice] [pid 9] AH00163: Apache/2.4.25 (Debian) PHP/5.6.40 configured -- resuming normal operations
[Tue Oct 29 16:04:55.597687 2019] [core:notice] [pid 9] AH00094: Command line: '/usr/sbin/apache2 -D FOREGROUND'
sh: 1: -t: not found
sh: 1: -t: not found
sh: 1: -t: not found
AH00558: apache2: Could not reliably determine the server's fully qualified domain name, using 172.25.0.3. Set the 'ServerName' directive globally to suppress this message
[Wed Oct 30 09:21:21.811777 2019] [core:warn] [pid 9] AH00098: pid file /var/run/apache2/apache2.pid overwritten -- Unclean shutdown of previous Apache run?
[Wed Oct 30 09:21:21.817317 2019] [mpm_prefork:notice] [pid 9] AH00163: Apache/2.4.25 (Debian) PHP/5.6.40 configured -- resuming normal operations
[Wed Oct 30 09:21:21.832793 2019] [core:notice] [pid 9] AH00094: Command line: '/usr/sbin/apache2 -D FOREGROUND'
AH00558: apache2: Could not reliably determine the server's fully qualified domain name, using 172.25.0.3. Set the 'ServerName' directive globally to suppress this message
[Wed Oct 30 09:27:44.880159 2019] [core:warn] [pid 9] AH00098: pid file /var/run/apache2/apache2.pid overwritten -- Unclean shutdown of previous Apache run?
[Wed Oct 30 09:27:44.885937 2019] [mpm_prefork:notice] [pid 9] AH00163: Apache/2.4.25 (Debian) PHP/5.6.40 configured -- resuming normal operations
[Wed Oct 30 09:27:44.885973 2019] [core:notice] [pid 9] AH00094: Command line: '/usr/sbin/apache2 -D FOREGROUND'
AH00558: apache2: Could not reliably determine the server's fully qualified domain name, using 172.25.0.4. Set the 'ServerName' directive globally to suppress this message
[Wed Oct 30 13:00:50.730246 2019] [core:warn] [pid 15] AH00098: pid file /var/run/apache2/apache2.pid overwritten -- Unclean shutdown of previous Apache run?
[Wed Oct 30 13:00:50.732644 2019] [mpm_prefork:notice] [pid 15] AH00163: Apache/2.4.25 (Debian) PHP/5.6.40 configured -- resuming normal operations
[Wed Oct 30 13:00:50.732676 2019] [core:notice] [pid 15] AH00094: Command line: '/usr/sbin/apache2 -D FOREGROUND'
sh: 1: pdfunitnew0.pdf: not found
sh: 1: -t: not found
sh: 1: pdfunit: not found
mv: cannot create regular file '/var/www/html/sites/default/files/pdf/output.pdf': Permission denied
mv: cannot create regular file '/var/www/html/sites/default/files/pdf/output.pdf': Permission denied
mv: cannot create regular file '/var/www/html/sites/default/files/pdf/output.pdf': Permission denied
mv: cannot create regular file '/var/www/html/sites/default/files/pdf/output.pdf': Permission denied
AH00558: apache2: Could not reliably determine the server's fully qualified domain name, using 172.25.0.4. Set the 'ServerName' directive globally to suppress this message
[Wed Oct 30 16:04:11.398726 2019] [core:warn] [pid 9] AH00098: pid file /var/run/apache2/apache2.pid overwritten -- Unclean shutdown of previous Apache run?
[Wed Oct 30 16:04:11.402199 2019] [mpm_prefork:notice] [pid 9] AH00163: Apache/2.4.25 (Debian) PHP/5.6.40 configured -- resuming normal operations
[Wed Oct 30 16:04:11.402235 2019] [core:notice] [pid 9] AH00094: Command line: '/usr/sbin/apache2 -D FOREGROUND'
sh: 1: -t: not found
sh: 1: -t: not found
sh: 1: -t: not found
sh: 1: -t: not found
AH00558: apache2: Could not reliably determine the server's fully qualified domain name, using 172.25.0.4. Set the 'ServerName' directive globally to suppress this message
[Mon Nov 04 08:22:26.374089 2019] [core:warn] [pid 8] AH00098: pid file /var/run/apache2/apache2.pid overwritten -- Unclean shutdown of previous Apache run?
[Mon Nov 04 08:22:26.377958 2019] [mpm_prefork:notice] [pid 8] AH00163: Apache/2.4.25 (Debian) PHP/5.6.40 configured -- resuming normal operations
[Mon Nov 04 08:22:26.377984 2019] [core:notice] [pid 8] AH00094: Command line: '/usr/sbin/apache2 -D FOREGROUND'
sh: 1: -t: not found
AH00558: apache2: Could not reliably determine the server's fully qualified domain name, using 172.20.0.4. Set the 'ServerName' directive globally to suppress this message
[Mon Nov 04 14:01:27.597892 2019] [mpm_prefork:notice] [pid 8] AH00163: Apache/2.4.25 (Debian) PHP/5.6.40 configured -- resuming normal operations
[Mon Nov 04 14:01:27.598140 2019] [core:notice] [pid 8] AH00094: Command line: '/usr/sbin/apache2 -D FOREGROUND'
AH00558: apache2: Could not reliably determine the server's fully qualified domain name, using 172.20.0.4. Set the 'ServerName' directive globally to suppress this message
[Mon Nov 04 14:01:39.597564 2019] [core:warn] [pid 8] AH00098: pid file /var/run/apache2/apache2.pid overwritten -- Unclean shutdown of previous Apache run?
[Mon Nov 04 14:01:39.601187 2019] [mpm_prefork:notice] [pid 8] AH00163: Apache/2.4.25 (Debian) PHP/5.6.40 configured -- resuming normal operations
[Mon Nov 04 14:01:39.601228 2019] [core:notice] [pid 8] AH00094: Command line: '/usr/sbin/apache2 -D FOREGROUND'
sh: 1: -t: not found
AH00558: apache2: Could not reliably determine the server's fully qualified domain name, using 172.21.0.4. Set the 'ServerName' directive globally to suppress this message
[Tue Nov 05 09:48:04.504683 2019] [mpm_prefork:notice] [pid 8] AH00163: Apache/2.4.25 (Debian) PHP/5.6.40 configured -- resuming normal operations
[Tue Nov 05 09:48:04.504958 2019] [core:notice] [pid 8] AH00094: Command line: '/usr/sbin/apache2 -D FOREGROUND'
sh: 1: -t: not found
sh: 1: -t: not found
AH00558: apache2: Could not reliably determine the server's fully qualified domain name, using 172.21.0.2. Set the 'ServerName' directive globally to suppress this message
[Tue Nov 05 15:48:17.064911 2019] [core:warn] [pid 8] AH00098: pid file /var/run/apache2/apache2.pid overwritten -- Unclean shutdown of previous Apache run?
[Tue Nov 05 15:48:17.072291 2019] [mpm_prefork:notice] [pid 8] AH00163: Apache/2.4.25 (Debian) PHP/5.6.40 configured -- resuming normal operations
[Tue Nov 05 15:48:17.072379 2019] [core:notice] [pid 8] AH00094: Command line: '/usr/sbin/apache2 -D FOREGROUND'
AH00558: apache2: Could not reliably determine the server's fully qualified domain name, using 172.21.0.3. Set the 'ServerName' directive globally to suppress this message
[Wed Nov 06 08:11:11.591167 2019] [core:warn] [pid 10] AH00098: pid file /var/run/apache2/apache2.pid overwritten -- Unclean shutdown of previous Apache run?
[Wed Nov 06 08:11:11.597802 2019] [mpm_prefork:notice] [pid 10] AH00163: Apache/2.4.25 (Debian) PHP/5.6.40 configured -- resuming normal operations
[Wed Nov 06 08:11:11.597892 2019] [core:notice] [pid 10] AH00094: Command line: '/usr/sbin/apache2 -D FOREGROUND'
AH00558: apache2: Could not reliably determine the server's fully qualified domain name, using 172.24.0.4. Set the 'ServerName' directive globally to suppress this message
[Thu Nov 07 16:32:24.701153 2019] [mpm_prefork:notice] [pid 8] AH00163: Apache/2.4.25 (Debian) PHP/5.6.40 configured -- resuming normal operations
[Thu Nov 07 16:32:24.743357 2019] [core:notice] [pid 8] AH00094: Command line: '/usr/sbin/apache2 -D FOREGROUND'
sh: 1: -t: not found
AH00558: apache2: Could not reliably determine the server's fully qualified domain name, using 172.24.0.3. Set the 'ServerName' directive globally to suppress this message
[Fri Nov 08 08:37:05.997002 2019] [core:warn] [pid 8] AH00098: pid file /var/run/apache2/apache2.pid overwritten -- Unclean shutdown of previous Apache run?
[Fri Nov 08 08:37:06.004168 2019] [mpm_prefork:notice] [pid 8] AH00163: Apache/2.4.25 (Debian) PHP/5.6.40 configured -- resuming normal operations
[Fri Nov 08 08:37:06.004344 2019] [core:notice] [pid 8] AH00094: Command line: '/usr/sbin/apache2 -D FOREGROUND'
sh: 1: -t: not found
AH00558: apache2: Could not reliably determine the server's fully qualified domain name, using 172.18.0.4. Set the 'ServerName' directive globally to suppress this message
[Wed Nov 13 09:23:01.593309 2019] [mpm_prefork:notice] [pid 8] AH00163: Apache/2.4.25 (Debian) PHP/5.6.40 configured -- resuming normal operations
[Wed Nov 13 09:23:01.593392 2019] [core:notice] [pid 8] AH00094: Command line: '/usr/sbin/apache2 -D FOREGROUND'
AH00558: apache2: Could not reliably determine the server's fully qualified domain name, using 172.20.0.4. Set the 'ServerName' directive globally to suppress this message
[Wed Nov 13 09:36:24.285957 2019] [mpm_prefork:notice] [pid 11] AH00163: Apache/2.4.25 (Debian) PHP/5.6.40 configured -- resuming normal operations
[Wed Nov 13 09:36:24.286030 2019] [core:notice] [pid 11] AH00094: Command line: '/usr/sbin/apache2 -D FOREGROUND'
AH00558: apache2: Could not reliably determine the server's fully qualified domain name, using 172.21.0.4. Set the 'ServerName' directive globally to suppress this message
[Wed Nov 13 10:04:05.711907 2019] [mpm_prefork:notice] [pid 8] AH00163: Apache/2.4.25 (Debian) PHP/5.6.40 configured -- resuming normal operations
[Wed Nov 13 10:04:05.711994 2019] [core:notice] [pid 8] AH00094: Command line: '/usr/sbin/apache2 -D FOREGROUND'
AH00558: apache2: Could not reliably determine the server's fully qualified domain name, using 172.22.0.4. Set the 'ServerName' directive globally to suppress this message
[Wed Nov 13 10:07:42.260530 2019] [mpm_prefork:notice] [pid 14] AH00163: Apache/2.4.25 (Debian) PHP/5.6.40 configured -- resuming normal operations
[Wed Nov 13 10:07:42.260605 2019] [core:notice] [pid 14] AH00094: Command line: '/usr/sbin/apache2 -D FOREGROUND'
AH00558: apache2: Could not reliably determine the server's fully qualified domain name, using 172.18.0.4. Set the 'ServerName' directive globally to suppress this message
[Wed Nov 13 10:10:11.188681 2019] [mpm_prefork:notice] [pid 9] AH00163: Apache/2.4.25 (Debian) PHP/5.6.40 configured -- resuming normal operations
[Wed Nov 13 10:10:11.188792 2019] [core:notice] [pid 9] AH00094: Command line: '/usr/sbin/apache2 -D FOREGROUND'
AH00558: apache2: Could not reliably determine the server's fully qualified domain name, using 172.23.0.4. Set the 'ServerName' directive globally to suppress this message
[Wed Nov 13 10:12:44.680886 2019] [mpm_prefork:notice] [pid 9] AH00163: Apache/2.4.25 (Debian) PHP/5.6.40 configured -- resuming normal operations
[Wed Nov 13 10:12:44.680973 2019] [core:notice] [pid 9] AH00094: Command line: '/usr/sbin/apache2 -D FOREGROUND'
AH00558: apache2: Could not reliably determine the server's fully qualified domain name, using 172.18.0.4. Set the 'ServerName' directive globally to suppress this message
[Wed Nov 13 10:17:31.446862 2019] [mpm_prefork:notice] [pid 8] AH00163: Apache/2.4.25 (Debian) PHP/5.6.40 configured -- resuming normal operations
[Wed Nov 13 10:17:31.446955 2019] [core:notice] [pid 8] AH00094: Command line: '/usr/sbin/apache2 -D FOREGROUND'
AH00558: apache2: Could not reliably determine the server's fully qualified domain name, using 172.25.0.4. Set the 'ServerName' directive globally to suppress this message
[Wed Nov 13 10:31:31.008730 2019] [mpm_prefork:notice] [pid 8] AH00163: Apache/2.4.25 (Debian) PHP/5.6.40 configured -- resuming normal operations
[Wed Nov 13 10:31:31.008837 2019] [core:notice] [pid 8] AH00094: Command line: '/usr/sbin/apache2 -D FOREGROUND'
AH00558: apache2: Could not reliably determine the server's fully qualified domain name, using 172.26.0.4. Set the 'ServerName' directive globally to suppress this message
[Wed Nov 13 11:18:57.574273 2019] [mpm_prefork:notice] [pid 8] AH00163: Apache/2.4.25 (Debian) PHP/5.6.40 configured -- resuming normal operations
[Wed Nov 13 11:18:57.574876 2019] [core:notice] [pid 8] AH00094: Command line: '/usr/sbin/apache2 -D FOREGROUND'
AH00558: apache2: Could not reliably determine the server's fully qualified domain name, using 172.19.0.4. Set the 'ServerName' directive globally to suppress this message
[Thu Nov 14 13:07:29.435951 2019] [mpm_prefork:notice] [pid 8] AH00163: Apache/2.4.25 (Debian) PHP/5.6.40 configured -- resuming normal operations
[Thu Nov 14 13:07:29.436414 2019] [core:notice] [pid 8] AH00094: Command line: '/usr/sbin/apache2 -D FOREGROUND'
sh: 1: -t: not found
AH00558: apache2: Could not reliably determine the server's fully qualified domain name, using 172.20.0.4. Set the 'ServerName' directive globally to suppress this message
[Thu Nov 14 13:36:40.407797 2019] [mpm_prefork:notice] [pid 9] AH00163: Apache/2.4.25 (Debian) PHP/5.6.40 configured -- resuming normal operations
[Thu Nov 14 13:36:40.408017 2019] [core:notice] [pid 9] AH00094: Command line: '/usr/sbin/apache2 -D FOREGROUND'
AH00558: apache2: Could not reliably determine the server's fully qualified domain name, using 172.21.0.4. Set the 'ServerName' directive globally to suppress this message
[Thu Nov 14 13:47:16.329388 2019] [mpm_prefork:notice] [pid 9] AH00163: Apache/2.4.25 (Debian) PHP/5.6.40 configured -- resuming normal operations
[Thu Nov 14 13:47:16.329674 2019] [core:notice] [pid 9] AH00094: Command line: '/usr/sbin/apache2 -D FOREGROUND'
sh: 1: -t: not found
sh: 1: -t: not found
AH00558: apache2: Could not reliably determine the server's fully qualified domain name, using 172.19.0.4. Set the 'ServerName' directive globally to suppress this message
[Fri Nov 15 14:33:48.744270 2019] [mpm_prefork:notice] [pid 7] AH00163: Apache/2.4.25 (Debian) PHP/5.6.40 configured -- resuming normal operations
[Fri Nov 15 14:33:48.744932 2019] [core:notice] [pid 7] AH00094: Command line: '/usr/sbin/apache2 -D FOREGROUND'
sh: 1: -t: not found
[Fri Nov 15 16:50:48.159328 2019] [mpm_prefork:notice] [pid 7] AH00169: caught SIGTERM, shutting down
AH00558: apache2: Could not reliably determine the server's fully qualified domain name, using 172.19.0.4. Set the 'ServerName' directive globally to suppress this message
[Mon Nov 18 08:14:07.590077 2019] [mpm_prefork:notice] [pid 7] AH00163: Apache/2.4.25 (Debian) PHP/5.6.40 configured -- resuming normal operations
[Mon Nov 18 08:14:07.615725 2019] [core:notice] [pid 7] AH00094: Command line: '/usr/sbin/apache2 -D FOREGROUND'
AH00558: apache2: Could not reliably determine the server's fully qualified domain name, using 172.19.0.4. Set the 'ServerName' directive globally to suppress this message
[Mon Nov 18 09:17:40.166890 2019] [core:warn] [pid 7] AH00098: pid file /var/run/apache2/apache2.pid overwritten -- Unclean shutdown of previous Apache run?
[Mon Nov 18 09:17:40.175484 2019] [mpm_prefork:notice] [pid 7] AH00163: Apache/2.4.25 (Debian) PHP/5.6.40 configured -- resuming normal operations
[Mon Nov 18 09:17:40.175942 2019] [core:notice] [pid 7] AH00094: Command line: '/usr/sbin/apache2 -D FOREGROUND'
AH00558: apache2: Could not reliably determine the server's fully qualified domain name, using 172.19.0.4. Set the 'ServerName' directive globally to suppress this message
[Mon Nov 18 09:21:42.415741 2019] [core:warn] [pid 7] AH00098: pid file /var/run/apache2/apache2.pid overwritten -- Unclean shutdown of previous Apache run?
[Mon Nov 18 09:21:42.418764 2019] [mpm_prefork:notice] [pid 7] AH00163: Apache/2.4.25 (Debian) PHP/5.6.40 configured -- resuming normal operations
[Mon Nov 18 09:21:42.418800 2019] [core:notice] [pid 7] AH00094: Command line: '/usr/sbin/apache2 -D FOREGROUND'
sh: 1: -t: not found
AH00558: apache2: Could not reliably determine the server's fully qualified domain name, using 172.19.0.4. Set the 'ServerName' directive globally to suppress this message
[Mon Nov 18 10:41:27.618129 2019] [mpm_prefork:notice] [pid 7] AH00163: Apache/2.4.25 (Debian) PHP/5.6.40 configured -- resuming normal operations
[Mon Nov 18 10:41:27.618518 2019] [core:notice] [pid 7] AH00094: Command line: '/usr/sbin/apache2 -D FOREGROUND'
AH00558: apache2: Could not reliably determine the server's fully qualified domain name, using 172.18.0.4. Set the 'ServerName' directive globally to suppress this message
[Mon Nov 18 10:44:07.625379 2019] [mpm_prefork:notice] [pid 7] AH00163: Apache/2.4.25 (Debian) PHP/5.6.40 configured -- resuming normal operations
[Mon Nov 18 10:44:07.625492 2019] [core:notice] [pid 7] AH00094: Command line: '/usr/sbin/apache2 -D FOREGROUND'
AH00558: apache2: Could not reliably determine the server's fully qualified domain name, using 172.18.0.4. Set the 'ServerName' directive globally to suppress this message
[Mon Nov 18 10:45:36.815889 2019] [mpm_prefork:notice] [pid 7] AH00163: Apache/2.4.25 (Debian) PHP/5.6.40 configured -- resuming normal operations
[Mon Nov 18 10:45:36.815962 2019] [core:notice] [pid 7] AH00094: Command line: '/usr/sbin/apache2 -D FOREGROUND'
AH00558: apache2: Could not reliably determine the server's fully qualified domain name, using 172.18.0.4. Set the 'ServerName' directive globally to suppress this message
[Mon Nov 18 10:50:47.373182 2019] [mpm_prefork:notice] [pid 7] AH00163: Apache/2.4.25 (Debian) PHP/5.6.40 configured -- resuming normal operations
[Mon Nov 18 10:50:47.373243 2019] [core:notice] [pid 7] AH00094: Command line: '/usr/sbin/apache2 -D FOREGROUND'
AH00558: apache2: Could not reliably determine the server's fully qualified domain name, using 172.22.0.4. Set the 'ServerName' directive globally to suppress this message
[Mon Nov 18 12:55:27.776318 2019] [mpm_prefork:notice] [pid 7] AH00163: Apache/2.4.25 (Debian) PHP/5.6.40 configured -- resuming normal operations
[Mon Nov 18 12:55:27.776826 2019] [core:notice] [pid 7] AH00094: Command line: '/usr/sbin/apache2 -D FOREGROUND'
AH00558: apache2: Could not reliably determine the server's fully qualified domain name, using 172.25.0.4. Set the 'ServerName' directive globally to suppress this message
[Tue Nov 19 10:44:17.905853 2019] [mpm_prefork:notice] [pid 7] AH00163: Apache/2.4.25 (Debian) PHP/5.6.40 configured -- resuming normal operations
[Tue Nov 19 10:44:17.917484 2019] [core:notice] [pid 7] AH00094: Command line: '/usr/sbin/apache2 -D FOREGROUND'
AH00558: apache2: Could not reliably determine the server's fully qualified domain name, using 172.25.0.4. Set the 'ServerName' directive globally to suppress this message
[Tue Nov 19 15:08:38.537835 2019] [core:warn] [pid 7] AH00098: pid file /var/run/apache2/apache2.pid overwritten -- Unclean shutdown of previous Apache run?
[Tue Nov 19 15:08:38.547246 2019] [mpm_prefork:notice] [pid 7] AH00163: Apache/2.4.25 (Debian) PHP/5.6.40 configured -- resuming normal operations
[Tue Nov 19 15:08:38.547310 2019] [core:notice] [pid 7] AH00094: Command line: '/usr/sbin/apache2 -D FOREGROUND'
sh: 1: -t: not found
sh: 1: -t: not found
AH00558: apache2: Could not reliably determine the server's fully qualified domain name, using 172.25.0.3. Set the 'ServerName' directive globally to suppress this message
[Wed Nov 20 08:28:56.822886 2019] [core:warn] [pid 7] AH00098: pid file /var/run/apache2/apache2.pid overwritten -- Unclean shutdown of previous Apache run?
[Wed Nov 20 08:28:56.825607 2019] [mpm_prefork:notice] [pid 7] AH00163: Apache/2.4.25 (Debian) PHP/5.6.40 configured -- resuming normal operations
[Wed Nov 20 08:28:56.825638 2019] [core:notice] [pid 7] AH00094: Command line: '/usr/sbin/apache2 -D FOREGROUND'
